g++ -std=c++17 test.cpp uf.cpp bridges.cpp articulation_points.cpp -lgtest -lgtest_main -pthread -o test
./test
Running main() from /tmp/baum/easybuild/googletest/1.14.0/GCCcore-13.2.0/googletest-1.14.0/googletest/src/gtest_main.cc
[==========] Running 23 tests from 3 test suites.
[----------] Global test environment set-up.
[----------] 5 tests from UnionFindTest
[ RUN      ] UnionFindTest.ConstructorInitializesCorrectly
[       OK ] UnionFindTest.ConstructorInitializesCorrectly (0 ms)
[ RUN      ] UnionFindTest.MergeNodes
[       OK ] UnionFindTest.MergeNodes (0 ms)
[ RUN      ] UnionFindTest.MergeNodesAlreadyInSameSet
[       OK ] UnionFindTest.MergeNodesAlreadyInSameSet (0 ms)
[ RUN      ] UnionFindTest.PathCompression
[       OK ] UnionFindTest.PathCompression (0 ms)
[ RUN      ] UnionFindTest.MergeByRank
[       OK ] UnionFindTest.MergeByRank (0 ms)
[----------] 5 tests from UnionFindTest (0 ms total)

[----------] 6 tests from FindBridgesTest
[ RUN      ] FindBridgesTest.SingleBridge
[       OK ] FindBridgesTest.SingleBridge (0 ms)
[ RUN      ] FindBridgesTest.MultipleBridges
[       OK ] FindBridgesTest.MultipleBridges (0 ms)
[ RUN      ] FindBridgesTest.NoBridges
[       OK ] FindBridgesTest.NoBridges (0 ms)
[ RUN      ] FindBridgesTest.DisconnectedGraph
[       OK ] FindBridgesTest.DisconnectedGraph (0 ms)
[ RUN      ] FindBridgesTest.SingleNodeNoEdges
[       OK ] FindBridgesTest.SingleNodeNoEdges (0 ms)
[ RUN      ] FindBridgesTest.GoogleSnap
Time taken (parallel imp): 3905 ms
time taken (tarjan): 5699 ms
[       OK ] FindBridgesTest.GoogleSnap (16183 ms)
[----------] 6 tests from FindBridgesTest (16183 ms total)

[----------] 12 tests from ArticulationPointsTest
[ RUN      ] ArticulationPointsTest.SingleArticulationPoint
[       OK ] ArticulationPointsTest.SingleArticulationPoint (0 ms)
[ RUN      ] ArticulationPointsTest.MultipleArticulationPoints
[       OK ] ArticulationPointsTest.MultipleArticulationPoints (0 ms)
[ RUN      ] ArticulationPointsTest.NoArticulationPointsCycle
test.cpp:171: Failure
Value of: result.empty()
  Actual: false
Expected: true
Expected no articulation points in a cycle.

[  FAILED  ] ArticulationPointsTest.NoArticulationPointsCycle (0 ms)
[ RUN      ] ArticulationPointsTest.FullyConnectedGraph
test.cpp:180: Failure
Value of: result.empty()
  Actual: false
Expected: true
Expected no articulation points in a fully connected graph.

[  FAILED  ] ArticulationPointsTest.FullyConnectedGraph (0 ms)
[ RUN      ] ArticulationPointsTest.DisconnectedGraph
[       OK ] ArticulationPointsTest.DisconnectedGraph (0 ms)
[ RUN      ] ArticulationPointsTest.TreeGraph
[       OK ] ArticulationPointsTest.TreeGraph (0 ms)
[ RUN      ] ArticulationPointsTest.SingleNodeNoEdges
[       OK ] ArticulationPointsTest.SingleNodeNoEdges (0 ms)
[ RUN      ] ArticulationPointsTest.SimplePathGraph
[       OK ] ArticulationPointsTest.SimplePathGraph (0 ms)
[ RUN      ] ArticulationPointsTest.BiConnectedComponents
test.cpp:224: Failure
Value of: compareUnorderedVectors(result, expected)
  Actual: false
Expected: true
Expected articulation points {1}

[  FAILED  ] ArticulationPointsTest.BiConnectedComponents (0 ms)
[ RUN      ] ArticulationPointsTest.Truss
test.cpp:231: Failure
Value of: compareUnorderedVectors(result, expected)
  Actual: false
Expected: true
Expected articulation points {}

[  FAILED  ] ArticulationPointsTest.Truss (0 ms)
[ RUN      ] ArticulationPointsTest.Truss_plus_one
test.cpp:238: Failure
Value of: compareUnorderedVectors(result, expected)
  Actual: false
Expected: true
Expected articulation points {0}

[  FAILED  ] ArticulationPointsTest.Truss_plus_one (0 ms)
[ RUN      ] ArticulationPointsTest.Truss_plus_four
got: 4 2 3 1 0 test.cpp:247: Failure
Value of: compareUnorderedVectors(result, expected)
  Actual: false
Expected: true
Expected articulation points {0, 1, 2, 4}

[  FAILED  ] ArticulationPointsTest.Truss_plus_four (0 ms)
[----------] 12 tests from ArticulationPointsTest (0 ms total)

[----------] Global test environment tear-down
[==========] 23 tests from 3 test suites ran. (16183 ms total)
[  PASSED  ] 17 tests.
[  FAILED  ] 6 tests, listed below:
[  FAILED  ] ArticulationPointsTest.NoArticulationPointsCycle
[  FAILED  ] ArticulationPointsTest.FullyConnectedGraph
[  FAILED  ] ArticulationPointsTest.BiConnectedComponents
[  FAILED  ] ArticulationPointsTest.Truss
[  FAILED  ] ArticulationPointsTest.Truss_plus_one
[  FAILED  ] ArticulationPointsTest.Truss_plus_four

 6 FAILED TESTS
make: *** [Makefile:3: test] Error 1
